<?xml version="1.0" encoding="UTF-8"?>
<coverage generated="1529361430504" clover="3.2.0">
  <project timestamp="1529361430505" name="All files">
    <metrics statements="7" coveredstatements="5" conditionals="1" coveredconditionals="0" methods="3" coveredmethods="1" elements="11" coveredelements="6" complexity="0" loc="7" ncloc="7" packages="2" files="2" classes="2">
      <package name="index">
        <metrics statements="2" coveredstatements="2" conditionals="0" coveredconditionals="0" methods="1" coveredmethods="1"/>
        <file name="App.js" path="/Users/eduardopedroso/chuck-norris-app/src/index/App.js">
          <metrics statements="2" coveredstatements="2" conditionals="0" coveredconditionals="0" methods="1" coveredmethods="1"/>
          <line num="3" count="1" type="stmt"/>
          <line num="4" count="1" type="stmt"/>
        </file>
      </package>
      <package name="pages.jokes.jokesList">
        <metrics statements="5" coveredstatements="3" conditionals="1" coveredconditionals="0" methods="2" coveredmethods="0"/>
        <file name="JokesListItem.js" path="/Users/eduardopedroso/chuck-norris-app/src/pages/jokes/jokesList/JokesListItem.js">
          <metrics statements="5" coveredstatements="3" conditionals="1" coveredconditionals="0" methods="2" coveredmethods="0"/>
          <line num="4" count="1" type="cond" truecount="0" falsecount="1"/>
          <line num="5" count="0" type="stmt"/>
          <line num="6" count="0" type="stmt"/>
          <line num="11" count="1" type="stmt"/>
          <line num="18" count="1" type="stmt"/>
        </file>
      </package>
    </metrics>
  </project>
</coverage>
