{"/Users/eduardopedroso/chuck-norris-app/src/index.js": {"path":"/Users/eduardopedroso/chuck-norris-app/src/index.js","statementMap":{"0":{"start":{"line":1,"column":0},"end":{"line":null,"column":-1}},"1":{"start":{"line":2,"column":0},"end":{"line":null,"column":-1}},"2":{"start":{"line":3,"column":0},"end":{"line":null,"column":-1}},"3":{"start":{"line":4,"column":0},"end":{"line":null,"column":-1}},"4":{"start":{"line":6,"column":0},"end":{"line":null,"column":-1}}},"fnMap":{},"branchMap":{},"s":{"0":0,"1":0,"2":0,"3":0,"4":0},"f":{},"b":{}}
,"/Users/eduardopedroso/chuck-norris-app/src/components/LoginModal/index.js": {"path":"/Users/eduardopedroso/chuck-norris-app/src/components/LoginModal/index.js","statementMap":{"0":{"start":{"line":6,"column":14},"end":{"line":10,"column":1}},"1":{"start":{"line":12,"column":21},"end":{"line":20,"column":1}},"2":{"start":{"line":24,"column":4},"end":{"line":24,"column":11}},"3":{"start":{"line":26,"column":4},"end":{"line":26,"column":44}},"4":{"start":{"line":29,"column":4},"end":{"line":31,"column":6}},"5":{"start":{"line":35,"column":4},"end":{"line":35,"column":22}},"6":{"start":{"line":36,"column":4},"end":{"line":41,"column":5}},"7":{"start":{"line":37,"column":6},"end":{"line":37,"column":31}},"8":{"start":{"line":38,"column":6},"end":{"line":38,"column":27}},"9":{"start":{"line":40,"column":6},"end":{"line":40,"column":31}},"10":{"start":{"line":45,"column":4},"end":{"line":58,"column":5}},"11":{"start":{"line":50,"column":57},"end":{"line":50,"column":86}},"12":{"start":{"line":53,"column":61},"end":{"line":53,"column":94}}},"fnMap":{"0":{"name":"(anonymous_0)","decl":{"start":{"line":23,"column":2},"end":{"line":23,"column":3}},"loc":{"start":{"line":23,"column":16},"end":{"line":27,"column":3}},"line":23},"1":{"name":"(anonymous_1)","decl":{"start":{"line":28,"column":2},"end":{"line":28,"column":3}},"loc":{"start":{"line":28,"column":27},"end":{"line":32,"column":3}},"line":28},"2":{"name":"(anonymous_2)","decl":{"start":{"line":34,"column":2},"end":{"line":34,"column":3}},"loc":{"start":{"line":34,"column":14},"end":{"line":42,"column":3}},"line":34},"3":{"name":"(anonymous_3)","decl":{"start":{"line":44,"column":2},"end":{"line":44,"column":3}},"loc":{"start":{"line":44,"column":11},"end":{"line":59,"column":3}},"line":44},"4":{"name":"(anonymous_4)","decl":{"start":{"line":50,"column":41},"end":{"line":50,"column":42}},"loc":{"start":{"line":50,"column":57},"end":{"line":50,"column":86}},"line":50},"5":{"name":"(anonymous_5)","decl":{"start":{"line":53,"column":45},"end":{"line":53,"column":46}},"loc":{"start":{"line":53,"column":61},"end":{"line":53,"column":94}},"line":53}},"branchMap":{"0":{"loc":{"start":{"line":36,"column":4},"end":{"line":41,"column":5}},"type":"if","locations":[{"start":{"line":36,"column":4},"end":{"line":41,"column":5}},{"start":{"line":36,"column":4},"end":{"line":41,"column":5}}],"line":36}},"s":{"0":2,"1":2,"2":5,"3":5,"4":1,"5":2,"6":2,"7":1,"8":1,"9":1,"10":8,"11":0,"12":0},"f":{"0":5,"1":1,"2":2,"3":8,"4":0,"5":0},"b":{"0":[1,1]},"_coverageSchema":"332fd63041d2c1bcb487cc26dd0d5f7d97098a6c","hash":"afc28675c929de14a7b73b6caaba1035784e4df8"}
,"/Users/eduardopedroso/chuck-norris-app/src/index/App.js": {"path":"/Users/eduardopedroso/chuck-norris-app/src/index/App.js","statementMap":{"0":{"start":{"line":3,"column":12},"end":{"line":5,"column":1}},"1":{"start":{"line":4,"column":2},"end":{"line":4,"column":29}}},"fnMap":{"0":{"name":"(anonymous_0)","decl":{"start":{"line":3,"column":12},"end":{"line":3,"column":13}},"loc":{"start":{"line":4,"column":2},"end":{"line":4,"column":29}},"line":4}},"branchMap":{},"s":{"0":1,"1":1},"f":{"0":1},"b":{},"_coverageSchema":"332fd63041d2c1bcb487cc26dd0d5f7d97098a6c","hash":"451fa37f907466af0d914a51d6d4d912cbc872e8"}
,"/Users/eduardopedroso/chuck-norris-app/src/pages/jokes/jokesList/JokesListItem.js": {"path":"/Users/eduardopedroso/chuck-norris-app/src/pages/jokes/jokesList/JokesListItem.js","statementMap":{"0":{"start":{"line":4,"column":21},"end":{"line":11,"column":1}},"1":{"start":{"line":7,"column":2},"end":{"line":10,"column":8}},"2":{"start":{"line":8,"column":72},"end":{"line":8,"column":116}},"3":{"start":{"line":13,"column":0},"end":{"line":18,"column":1}},"4":{"start":{"line":20,"column":0},"end":{"line":22,"column":1}}},"fnMap":{"0":{"name":"(anonymous_0)","decl":{"start":{"line":4,"column":21},"end":{"line":4,"column":22}},"loc":{"start":{"line":7,"column":2},"end":{"line":10,"column":8}},"line":7},"1":{"name":"(anonymous_1)","decl":{"start":{"line":8,"column":56},"end":{"line":8,"column":57}},"loc":{"start":{"line":8,"column":72},"end":{"line":8,"column":116}},"line":8}},"branchMap":{"0":{"loc":{"start":{"line":5,"column":28},"end":{"line":5,"column":44}},"type":"default-arg","locations":[{"start":{"line":5,"column":39},"end":{"line":5,"column":44}}],"line":5}},"s":{"0":2,"1":7,"2":0,"3":2,"4":2},"f":{"0":7,"1":0},"b":{"0":[0]},"_coverageSchema":"332fd63041d2c1bcb487cc26dd0d5f7d97098a6c","hash":"ff2ec65645cf2331703520a8389012a60a7c42fc"}
}
