{"/Users/eduardopedroso/chuck-norris-app/src/index.js": {"path":"/Users/eduardopedroso/chuck-norris-app/src/index.js","statementMap":{"0":{"start":{"line":1,"column":0},"end":{"line":null,"column":-1}},"1":{"start":{"line":2,"column":0},"end":{"line":null,"column":-1}},"2":{"start":{"line":3,"column":0},"end":{"line":null,"column":-1}},"3":{"start":{"line":4,"column":0},"end":{"line":null,"column":-1}},"4":{"start":{"line":6,"column":0},"end":{"line":null,"column":-1}}},"fnMap":{},"branchMap":{},"s":{"0":0,"1":0,"2":0,"3":0,"4":0},"f":{},"b":{}}
,"/Users/eduardopedroso/chuck-norris-app/src/components/LoginModal/index.js": {"path":"/Users/eduardopedroso/chuck-norris-app/src/components/LoginModal/index.js","statementMap":{"0":{"start":{"line":7,"column":14},"end":{"line":11,"column":1}},"1":{"start":{"line":13,"column":21},"end":{"line":21,"column":1}},"2":{"start":{"line":23,"column":15},"end":{"line":24,"column":1}},"3":{"start":{"line":26,"column":14},"end":{"line":27,"column":1}},"4":{"start":{"line":31,"column":4},"end":{"line":31,"column":11}},"5":{"start":{"line":33,"column":4},"end":{"line":33,"column":44}},"6":{"start":{"line":36,"column":4},"end":{"line":38,"column":6}},"7":{"start":{"line":42,"column":4},"end":{"line":42,"column":22}},"8":{"start":{"line":43,"column":4},"end":{"line":48,"column":5}},"9":{"start":{"line":44,"column":6},"end":{"line":44,"column":31}},"10":{"start":{"line":45,"column":6},"end":{"line":45,"column":27}},"11":{"start":{"line":47,"column":6},"end":{"line":47,"column":31}},"12":{"start":{"line":52,"column":4},"end":{"line":65,"column":5}},"13":{"start":{"line":57,"column":57},"end":{"line":57,"column":86}},"14":{"start":{"line":60,"column":61},"end":{"line":60,"column":94}},"15":{"start":{"line":69,"column":0},"end":{"line":71,"column":1}},"16":{"start":{"line":73,"column":0},"end":{"line":75,"column":1}}},"fnMap":{"0":{"name":"(anonymous_0)","decl":{"start":{"line":30,"column":2},"end":{"line":30,"column":3}},"loc":{"start":{"line":30,"column":16},"end":{"line":34,"column":3}},"line":30},"1":{"name":"(anonymous_1)","decl":{"start":{"line":35,"column":2},"end":{"line":35,"column":3}},"loc":{"start":{"line":35,"column":27},"end":{"line":39,"column":3}},"line":35},"2":{"name":"(anonymous_2)","decl":{"start":{"line":41,"column":2},"end":{"line":41,"column":3}},"loc":{"start":{"line":41,"column":14},"end":{"line":49,"column":3}},"line":41},"3":{"name":"(anonymous_3)","decl":{"start":{"line":51,"column":2},"end":{"line":51,"column":3}},"loc":{"start":{"line":51,"column":11},"end":{"line":66,"column":3}},"line":51},"4":{"name":"(anonymous_4)","decl":{"start":{"line":57,"column":41},"end":{"line":57,"column":42}},"loc":{"start":{"line":57,"column":57},"end":{"line":57,"column":86}},"line":57},"5":{"name":"(anonymous_5)","decl":{"start":{"line":60,"column":45},"end":{"line":60,"column":46}},"loc":{"start":{"line":60,"column":61},"end":{"line":60,"column":94}},"line":60},"6":{"name":"(anonymous_6)","decl":{"start":{"line":74,"column":12},"end":{"line":74,"column":13}},"loc":{"start":{"line":74,"column":18},"end":{"line":74,"column":20}},"line":74}},"branchMap":{"0":{"loc":{"start":{"line":43,"column":4},"end":{"line":48,"column":5}},"type":"if","locations":[{"start":{"line":43,"column":4},"end":{"line":48,"column":5}},{"start":{"line":43,"column":4},"end":{"line":48,"column":5}}],"line":43}},"s":{"0":2,"1":2,"2":2,"3":2,"4":5,"5":5,"6":1,"7":2,"8":2,"9":1,"10":1,"11":1,"12":8,"13":0,"14":0,"15":2,"16":2},"f":{"0":5,"1":1,"2":2,"3":8,"4":0,"5":0,"6":0},"b":{"0":[1,1]},"_coverageSchema":"332fd63041d2c1bcb487cc26dd0d5f7d97098a6c","hash":"8cf196061c2b07614c53f74c4665399c25c97fc4"}
,"/Users/eduardopedroso/chuck-norris-app/src/index/App.js": {"path":"/Users/eduardopedroso/chuck-norris-app/src/index/App.js","statementMap":{"0":{"start":{"line":3,"column":12},"end":{"line":5,"column":1}},"1":{"start":{"line":4,"column":2},"end":{"line":4,"column":29}}},"fnMap":{"0":{"name":"(anonymous_0)","decl":{"start":{"line":3,"column":12},"end":{"line":3,"column":13}},"loc":{"start":{"line":4,"column":2},"end":{"line":4,"column":29}},"line":4}},"branchMap":{},"s":{"0":1,"1":1},"f":{"0":1},"b":{},"_coverageSchema":"332fd63041d2c1bcb487cc26dd0d5f7d97098a6c","hash":"451fa37f907466af0d914a51d6d4d912cbc872e8"}
,"/Users/eduardopedroso/chuck-norris-app/src/pages/jokes/jokesList/JokesListItem.js": {"path":"/Users/eduardopedroso/chuck-norris-app/src/pages/jokes/jokesList/JokesListItem.js","statementMap":{"0":{"start":{"line":4,"column":21},"end":{"line":11,"column":1}},"1":{"start":{"line":7,"column":2},"end":{"line":10,"column":8}},"2":{"start":{"line":8,"column":72},"end":{"line":8,"column":116}},"3":{"start":{"line":13,"column":0},"end":{"line":19,"column":1}},"4":{"start":{"line":21,"column":0},"end":{"line":27,"column":1}}},"fnMap":{"0":{"name":"(anonymous_0)","decl":{"start":{"line":4,"column":21},"end":{"line":4,"column":22}},"loc":{"start":{"line":7,"column":2},"end":{"line":10,"column":8}},"line":7},"1":{"name":"(anonymous_1)","decl":{"start":{"line":8,"column":56},"end":{"line":8,"column":57}},"loc":{"start":{"line":8,"column":72},"end":{"line":8,"column":116}},"line":8},"2":{"name":"(anonymous_2)","decl":{"start":{"line":24,"column":12},"end":{"line":24,"column":13}},"loc":{"start":{"line":24,"column":18},"end":{"line":24,"column":20}},"line":24}},"branchMap":{"0":{"loc":{"start":{"line":5,"column":28},"end":{"line":5,"column":44}},"type":"default-arg","locations":[{"start":{"line":5,"column":39},"end":{"line":5,"column":44}}],"line":5}},"s":{"0":2,"1":7,"2":0,"3":2,"4":2},"f":{"0":7,"1":0,"2":0},"b":{"0":[0]},"_coverageSchema":"332fd63041d2c1bcb487cc26dd0d5f7d97098a6c","hash":"ce7250b47aefcb2f753bd95a393977a1e94b82f8"}
}
