TN:
SF:/Users/eduardopedroso/chuck-norris-app/src/index.js
FNF:0
FNH:0
DA:1,0
DA:2,0
DA:3,0
DA:4,0
DA:6,0
LF:5
LH:0
BRF:0
BRH:0
end_of_record
TN:
SF:/Users/eduardopedroso/chuck-norris-app/src/components/LoginModal/index.js
FN:23,(anonymous_0)
FN:28,(anonymous_1)
FN:34,(anonymous_2)
FN:44,(anonymous_3)
FN:50,(anonymous_4)
FN:53,(anonymous_5)
FNF:6
FNH:4
FNDA:5,(anonymous_0)
FNDA:1,(anonymous_1)
FNDA:2,(anonymous_2)
FNDA:8,(anonymous_3)
FNDA:0,(anonymous_4)
FNDA:0,(anonymous_5)
DA:6,2
DA:12,2
DA:24,5
DA:26,5
DA:29,1
DA:35,2
DA:36,2
DA:37,1
DA:38,1
DA:40,1
DA:45,8
DA:50,0
DA:53,0
LF:13
LH:11
BRDA:36,0,0,1
BRDA:36,0,1,1
BRF:2
BRH:2
end_of_record
TN:
SF:/Users/eduardopedroso/chuck-norris-app/src/index/App.js
FN:3,(anonymous_0)
FNF:1
FNH:1
FNDA:1,(anonymous_0)
DA:3,1
DA:4,1
LF:2
LH:2
BRF:0
BRH:0
end_of_record
TN:
SF:/Users/eduardopedroso/chuck-norris-app/src/pages/jokes/jokesList/JokesListItem.js
FN:4,(anonymous_0)
FN:8,(anonymous_1)
FNF:2
FNH:1
FNDA:7,(anonymous_0)
FNDA:0,(anonymous_1)
DA:4,2
DA:7,7
DA:8,0
DA:13,2
DA:20,2
LF:5
LH:4
BRDA:5,0,0,0
BRF:1
BRH:0
end_of_record
