TN:
SF:/Users/eduardopedroso/chuck-norris-app/src/index.js
FNF:0
FNH:0
DA:1,0
DA:2,0
DA:3,0
DA:4,0
DA:6,0
LF:5
LH:0
BRF:0
BRH:0
end_of_record
TN:
SF:/Users/eduardopedroso/chuck-norris-app/src/components/LoginModal/index.js
FN:30,(anonymous_0)
FN:35,(anonymous_1)
FN:41,(anonymous_2)
FN:51,(anonymous_3)
FN:57,(anonymous_4)
FN:60,(anonymous_5)
FN:74,(anonymous_6)
FNF:7
FNH:4
FNDA:5,(anonymous_0)
FNDA:1,(anonymous_1)
FNDA:2,(anonymous_2)
FNDA:8,(anonymous_3)
FNDA:0,(anonymous_4)
FNDA:0,(anonymous_5)
FNDA:0,(anonymous_6)
DA:7,2
DA:13,2
DA:23,2
DA:26,2
DA:31,5
DA:33,5
DA:36,1
DA:42,2
DA:43,2
DA:44,1
DA:45,1
DA:47,1
DA:52,8
DA:57,0
DA:60,0
DA:69,2
DA:73,2
LF:17
LH:15
BRDA:43,0,0,1
BRDA:43,0,1,1
BRF:2
BRH:2
end_of_record
TN:
SF:/Users/eduardopedroso/chuck-norris-app/src/index/App.js
FN:3,(anonymous_0)
FNF:1
FNH:1
FNDA:1,(anonymous_0)
DA:3,1
DA:4,1
LF:2
LH:2
BRF:0
BRH:0
end_of_record
TN:
SF:/Users/eduardopedroso/chuck-norris-app/src/pages/jokes/jokesList/JokesListItem.js
FN:4,(anonymous_0)
FN:8,(anonymous_1)
FN:24,(anonymous_2)
FNF:3
FNH:1
FNDA:7,(anonymous_0)
FNDA:0,(anonymous_1)
FNDA:0,(anonymous_2)
DA:4,2
DA:7,7
DA:8,0
DA:13,2
DA:21,2
LF:5
LH:4
BRDA:5,0,0,0
BRF:1
BRH:0
end_of_record
